2019-12-16 17:51:40,758 INFO c.e.g.GeoApplicationTests [main] Starting GeoApplicationTests on jor-web-server with PID 14235 (started by jor in /home/jor/Documents/projects/geo)
2019-12-16 17:51:40,767 DEBUG c.e.g.GeoApplicationTests [main] Running with Spring Boot v2.2.2.RELEASE, Spring v5.2.2.RELEASE
2019-12-16 17:51:40,768 INFO c.e.g.GeoApplicationTests [main] No active profile set, falling back to default profiles: default
2019-12-16 17:51:42,372 INFO c.e.g.GeoApplicationTests [main] Started GeoApplicationTests in 1.828 seconds (JVM running for 3.261)
2019-12-16 17:51:59,485 INFO c.e.g.GeoApplication [main] Starting GeoApplication on jor-web-server with PID 14320 (/home/jor/Documents/projects/geo/target/classes started by jor in /home/jor/Documents/projects/geo)
2019-12-16 17:51:59,491 DEBUG c.e.g.GeoApplication [main] Running with Spring Boot v2.2.2.RELEASE, Spring v5.2.2.RELEASE
2019-12-16 17:51:59,492 INFO c.e.g.GeoApplication [main] No active profile set, falling back to default profiles: default
2019-12-16 17:52:00,521 INFO c.e.g.GeoApplication [main] Started GeoApplication in 1.306 seconds (JVM running for 2.031)
2019-12-16 17:52:44,225 DEBUG c.e.g.r.GeoLoc [http-nio-9001-exec-1] Input : Barcelona, Barcelona 
2019-12-16 17:52:44,226 DEBUG c.e.g.r.GeoLoc [http-nio-9001-exec-1] URL : https://geocoder.ls.hereapi.com/search/6.2/geocode.json?languages=es&maxresults=1&apiKey=zRKCNulsmituY-IuLoyca4d50QYtpjW4C4H5Do6d9MQ&searchtext=Barcelona%2C+Barcelona+
2019-12-16 17:52:55,710 DEBUG c.e.g.r.GeoLoc [http-nio-9001-exec-3] File line : Barcelona, Barcelona 
2019-12-16 17:52:55,711 DEBUG c.e.g.r.GeoLoc [http-nio-9001-exec-3] URL : https://geocoder.ls.hereapi.com/search/6.2/geocode.json?languages=es&maxresults=1&apiKey=zRKCNulsmituY-IuLoyca4d50QYtpjW4C4H5Do6d9MQ&searchtext=Barcelona%2C+Barcelona+
2019-12-16 17:52:55,846 DEBUG c.e.g.r.GeoLoc [http-nio-9001-exec-3] File line : C. Vilamari, 50, Barcelona 
2019-12-16 17:52:55,846 DEBUG c.e.g.r.GeoLoc [http-nio-9001-exec-3] URL : https://geocoder.ls.hereapi.com/search/6.2/geocode.json?languages=es&maxresults=1&apiKey=zRKCNulsmituY-IuLoyca4d50QYtpjW4C4H5Do6d9MQ&searchtext=C.+Vilamari%2C+50%2C+Barcelona+
2019-12-16 17:52:55,896 DEBUG c.e.g.r.GeoLoc [http-nio-9001-exec-3] File line : Pl. Jar Jar Binks, 42, Barcelona 
2019-12-16 17:52:55,896 DEBUG c.e.g.r.GeoLoc [http-nio-9001-exec-3] URL : https://geocoder.ls.hereapi.com/search/6.2/geocode.json?languages=es&maxresults=1&apiKey=zRKCNulsmituY-IuLoyca4d50QYtpjW4C4H5Do6d9MQ&searchtext=Pl.+Jar+Jar+Binks%2C+42%2C+Barcelona+
2019-12-16 17:52:55,949 DEBUG c.e.g.r.GeoLoc [http-nio-9001-exec-3] File line : Felip II, 323, Barcelona 08015 Barcelona 
2019-12-16 17:52:55,949 DEBUG c.e.g.r.GeoLoc [http-nio-9001-exec-3] URL : https://geocoder.ls.hereapi.com/search/6.2/geocode.json?languages=es&maxresults=1&apiKey=zRKCNulsmituY-IuLoyca4d50QYtpjW4C4H5Do6d9MQ&searchtext=Felip+II%2C+323%2C+Barcelona+08015+Barcelona+
2019-12-16 17:52:55,999 DEBUG c.e.g.r.GeoLoc [http-nio-9001-exec-3] File line : calle de las doncellas, 10, Barcelona 
2019-12-16 17:52:56,000 DEBUG c.e.g.r.GeoLoc [http-nio-9001-exec-3] URL : https://geocoder.ls.hereapi.com/search/6.2/geocode.json?languages=es&maxresults=1&apiKey=zRKCNulsmituY-IuLoyca4d50QYtpjW4C4H5Do6d9MQ&searchtext=calle+de+las+doncellas%2C+10%2C+Barcelona+
2019-12-16 17:52:56,047 DEBUG c.e.g.r.GeoLoc [http-nio-9001-exec-3] File line : Plaza España Gran Vía de la Corte Catalana, 423, 08015 Barcelona 
2019-12-16 17:52:56,048 DEBUG c.e.g.r.GeoLoc [http-nio-9001-exec-3] URL : https://geocoder.ls.hereapi.com/search/6.2/geocode.json?languages=es&maxresults=1&apiKey=zRKCNulsmituY-IuLoyca4d50QYtpjW4C4H5Do6d9MQ&searchtext=Plaza+Espa%C3%B1a+Gran+V%C3%ADa+de+la+Corte+Catalana%2C+423%2C+08015+Barcelona+
2019-12-16 17:52:56,095 DEBUG c.e.g.r.GeoLoc [http-nio-9001-exec-3] File line : inAtlas
2019-12-16 17:52:56,095 DEBUG c.e.g.r.GeoLoc [http-nio-9001-exec-3] URL : https://geocoder.ls.hereapi.com/search/6.2/geocode.json?languages=es&maxresults=1&apiKey=zRKCNulsmituY-IuLoyca4d50QYtpjW4C4H5Do6d9MQ&searchtext=inAtlas
2019-12-16 17:52:56,146 DEBUG c.e.g.r.GeoLoc [http-nio-9001-exec-3] File line : Fuente de Montjuic 
2019-12-16 17:52:56,146 DEBUG c.e.g.r.GeoLoc [http-nio-9001-exec-3] URL : https://geocoder.ls.hereapi.com/search/6.2/geocode.json?languages=es&maxresults=1&apiKey=zRKCNulsmituY-IuLoyca4d50QYtpjW4C4H5Do6d9MQ&searchtext=Fuente+de+Montjuic+
2019-12-16 17:52:56,194 DEBUG c.e.g.r.GeoLoc [http-nio-9001-exec-3] File line : nowhere 
2019-12-16 17:52:56,194 DEBUG c.e.g.r.GeoLoc [http-nio-9001-exec-3] URL : https://geocoder.ls.hereapi.com/search/6.2/geocode.json?languages=es&maxresults=1&apiKey=zRKCNulsmituY-IuLoyca4d50QYtpjW4C4H5Do6d9MQ&searchtext=nowhere+
2019-12-16 17:52:56,242 DEBUG c.e.g.r.GeoLoc [http-nio-9001-exec-3] File line : Melbourne 
2019-12-16 17:52:56,242 DEBUG c.e.g.r.GeoLoc [http-nio-9001-exec-3] URL : https://geocoder.ls.hereapi.com/search/6.2/geocode.json?languages=es&maxresults=1&apiKey=zRKCNulsmituY-IuLoyca4d50QYtpjW4C4H5Do6d9MQ&searchtext=Melbourne+
2019-12-16 17:52:56,291 DEBUG c.e.g.r.GeoLoc [http-nio-9001-exec-3] File line : Universidade de Campinas, Brasil
2019-12-16 17:52:56,291 DEBUG c.e.g.r.GeoLoc [http-nio-9001-exec-3] URL : https://geocoder.ls.hereapi.com/search/6.2/geocode.json?languages=es&maxresults=1&apiKey=zRKCNulsmituY-IuLoyca4d50QYtpjW4C4H5Do6d9MQ&searchtext=Universidade+de+Campinas%2C+Brasil
2019-12-16 17:53:36,843 INFO c.e.g.GeoApplication [main] Starting GeoApplication on jor-web-server with PID 14462 (/home/jor/Documents/projects/geo/target/classes started by jor in /home/jor/Documents/projects/geo)
2019-12-16 17:53:36,849 DEBUG c.e.g.GeoApplication [main] Running with Spring Boot v2.2.2.RELEASE, Spring v5.2.2.RELEASE
2019-12-16 17:53:36,850 INFO c.e.g.GeoApplication [main] No active profile set, falling back to default profiles: default
2019-12-16 17:53:37,894 INFO c.e.g.GeoApplication [main] Started GeoApplication in 1.272 seconds (JVM running for 1.82)
2019-12-16 17:54:06,489 DEBUG c.e.g.r.GeoLoc [http-nio-9001-exec-2] File line : Barcelona, Barcelona 
2019-12-16 17:54:06,490 DEBUG c.e.g.r.GeoLoc [http-nio-9001-exec-2] URL : https://geocoder.ls.hereapi.com/search/6.2/geocode.json?languages=es&maxresults=1&apiKey=zRKCNulsmituY-IuLoyca4d50QYtpjW4C4H5Do6d9MQ&searchtext=Barcelona%2C+Barcelona+
2019-12-16 17:54:07,225 DEBUG c.e.g.r.GeoLoc [http-nio-9001-exec-2] File line : C. Vilamari, 50, Barcelona 
2019-12-16 17:54:07,225 DEBUG c.e.g.r.GeoLoc [http-nio-9001-exec-2] URL : https://geocoder.ls.hereapi.com/search/6.2/geocode.json?languages=es&maxresults=1&apiKey=zRKCNulsmituY-IuLoyca4d50QYtpjW4C4H5Do6d9MQ&searchtext=C.+Vilamari%2C+50%2C+Barcelona+
2019-12-16 17:54:07,292 DEBUG c.e.g.r.GeoLoc [http-nio-9001-exec-2] File line : Pl. Jar Jar Binks, 42, Barcelona 
2019-12-16 17:54:07,292 DEBUG c.e.g.r.GeoLoc [http-nio-9001-exec-2] URL : https://geocoder.ls.hereapi.com/search/6.2/geocode.json?languages=es&maxresults=1&apiKey=zRKCNulsmituY-IuLoyca4d50QYtpjW4C4H5Do6d9MQ&searchtext=Pl.+Jar+Jar+Binks%2C+42%2C+Barcelona+
2019-12-16 17:54:07,364 DEBUG c.e.g.r.GeoLoc [http-nio-9001-exec-2] File line : Felip II, 323, Barcelona 08015 Barcelona 
2019-12-16 17:54:07,364 DEBUG c.e.g.r.GeoLoc [http-nio-9001-exec-2] URL : https://geocoder.ls.hereapi.com/search/6.2/geocode.json?languages=es&maxresults=1&apiKey=zRKCNulsmituY-IuLoyca4d50QYtpjW4C4H5Do6d9MQ&searchtext=Felip+II%2C+323%2C+Barcelona+08015+Barcelona+
2019-12-16 17:54:07,431 DEBUG c.e.g.r.GeoLoc [http-nio-9001-exec-2] File line : calle de las doncellas, 10, Barcelona 
2019-12-16 17:54:07,431 DEBUG c.e.g.r.GeoLoc [http-nio-9001-exec-2] URL : https://geocoder.ls.hereapi.com/search/6.2/geocode.json?languages=es&maxresults=1&apiKey=zRKCNulsmituY-IuLoyca4d50QYtpjW4C4H5Do6d9MQ&searchtext=calle+de+las+doncellas%2C+10%2C+Barcelona+
2019-12-16 17:54:07,516 DEBUG c.e.g.r.GeoLoc [http-nio-9001-exec-2] File line : Plaza España Gran Vía de la Corte Catalana, 423, 08015 Barcelona 
2019-12-16 17:54:07,516 DEBUG c.e.g.r.GeoLoc [http-nio-9001-exec-2] URL : https://geocoder.ls.hereapi.com/search/6.2/geocode.json?languages=es&maxresults=1&apiKey=zRKCNulsmituY-IuLoyca4d50QYtpjW4C4H5Do6d9MQ&searchtext=Plaza+Espa%C3%B1a+Gran+V%C3%ADa+de+la+Corte+Catalana%2C+423%2C+08015+Barcelona+
2019-12-16 17:54:07,582 DEBUG c.e.g.r.GeoLoc [http-nio-9001-exec-2] File line : inAtlas
2019-12-16 17:54:07,582 DEBUG c.e.g.r.GeoLoc [http-nio-9001-exec-2] URL : https://geocoder.ls.hereapi.com/search/6.2/geocode.json?languages=es&maxresults=1&apiKey=zRKCNulsmituY-IuLoyca4d50QYtpjW4C4H5Do6d9MQ&searchtext=inAtlas
2019-12-16 17:54:07,650 DEBUG c.e.g.r.GeoLoc [http-nio-9001-exec-2] File line : Fuente de Montjuic 
2019-12-16 17:54:07,651 DEBUG c.e.g.r.GeoLoc [http-nio-9001-exec-2] URL : https://geocoder.ls.hereapi.com/search/6.2/geocode.json?languages=es&maxresults=1&apiKey=zRKCNulsmituY-IuLoyca4d50QYtpjW4C4H5Do6d9MQ&searchtext=Fuente+de+Montjuic+
2019-12-16 17:54:07,716 DEBUG c.e.g.r.GeoLoc [http-nio-9001-exec-2] File line : nowhere 
2019-12-16 17:54:07,716 DEBUG c.e.g.r.GeoLoc [http-nio-9001-exec-2] URL : https://geocoder.ls.hereapi.com/search/6.2/geocode.json?languages=es&maxresults=1&apiKey=zRKCNulsmituY-IuLoyca4d50QYtpjW4C4H5Do6d9MQ&searchtext=nowhere+
2019-12-16 17:54:07,781 DEBUG c.e.g.r.GeoLoc [http-nio-9001-exec-2] File line : Melbourne 
2019-12-16 17:54:07,782 DEBUG c.e.g.r.GeoLoc [http-nio-9001-exec-2] URL : https://geocoder.ls.hereapi.com/search/6.2/geocode.json?languages=es&maxresults=1&apiKey=zRKCNulsmituY-IuLoyca4d50QYtpjW4C4H5Do6d9MQ&searchtext=Melbourne+
2019-12-16 17:54:07,845 DEBUG c.e.g.r.GeoLoc [http-nio-9001-exec-2] File line : Universidade de Campinas, Brasil
2019-12-16 17:54:07,846 DEBUG c.e.g.r.GeoLoc [http-nio-9001-exec-2] URL : https://geocoder.ls.hereapi.com/search/6.2/geocode.json?languages=es&maxresults=1&apiKey=zRKCNulsmituY-IuLoyca4d50QYtpjW4C4H5Do6d9MQ&searchtext=Universidade+de+Campinas%2C+Brasil
2019-12-16 18:04:44,402 INFO o.s.b.StartupInfoLogger [main] Starting GeoApplicationTests on jor-web-server with PID 15118 (started by jor in /home/jor/Documents/projects/geo)
2019-12-16 18:04:44,406 INFO o.s.b.SpringApplication [main] No active profile set, falling back to default profiles: default
2019-12-16 18:04:46,179 INFO o.s.b.StartupInfoLogger [main] Started GeoApplicationTests in 2.008 seconds (JVM running for 3.184)
2019-12-16 18:04:58,716 INFO o.s.b.StartupInfoLogger [main] Starting GeoApplication on jor-web-server with PID 15237 (/home/jor/Documents/projects/geo/target/classes started by jor in /home/jor/Documents/projects/geo)
2019-12-16 18:04:58,723 INFO o.s.b.SpringApplication [main] No active profile set, falling back to default profiles: default
2019-12-16 18:04:59,765 INFO o.s.b.StartupInfoLogger [main] Started GeoApplication in 1.29 seconds (JVM running for 1.894)
2019-12-16 18:06:11,672 INFO o.s.b.StartupInfoLogger [main] Starting GeoApplication on jor-web-server with PID 15376 (/home/jor/Documents/projects/geo/target/classes started by jor in /home/jor/Documents/projects/geo)
2019-12-16 18:06:11,679 DEBUG o.s.b.StartupInfoLogger [main] Running with Spring Boot v2.2.2.RELEASE, Spring v5.2.2.RELEASE
2019-12-16 18:06:11,680 INFO o.s.b.SpringApplication [main] No active profile set, falling back to default profiles: default
2019-12-16 18:06:12,783 INFO o.s.b.StartupInfoLogger [main] Started GeoApplication in 1.371 seconds (JVM running for 1.988)
2019-12-16 18:06:20,395 DEBUG c.e.g.r.GeoLoc [http-nio-9001-exec-2] File line : Barcelona, Barcelona 
2019-12-16 18:06:20,396 DEBUG c.e.g.u.m.XMLConsumer [http-nio-9001-exec-2] URL : https://geocoder.ls.hereapi.com/search/6.2/geocode.json?languages=es&maxresults=1&apiKey=zRKCNulsmituY-IuLoyca4d50QYtpjW4C4H5Do6d9MQ&searchtext=Barcelona%2C+Barcelona+
2019-12-16 18:06:20,917 DEBUG c.e.g.r.GeoLoc [http-nio-9001-exec-2] File line : C. Vilamari, 50, Barcelona 
2019-12-16 18:06:20,918 DEBUG c.e.g.u.m.XMLConsumer [http-nio-9001-exec-2] URL : https://geocoder.ls.hereapi.com/search/6.2/geocode.json?languages=es&maxresults=1&apiKey=zRKCNulsmituY-IuLoyca4d50QYtpjW4C4H5Do6d9MQ&searchtext=C.+Vilamari%2C+50%2C+Barcelona+
2019-12-16 18:06:20,972 DEBUG c.e.g.r.GeoLoc [http-nio-9001-exec-2] File line : Pl. Jar Jar Binks, 42, Barcelona 
2019-12-16 18:06:20,972 DEBUG c.e.g.u.m.XMLConsumer [http-nio-9001-exec-2] URL : https://geocoder.ls.hereapi.com/search/6.2/geocode.json?languages=es&maxresults=1&apiKey=zRKCNulsmituY-IuLoyca4d50QYtpjW4C4H5Do6d9MQ&searchtext=Pl.+Jar+Jar+Binks%2C+42%2C+Barcelona+
2019-12-16 18:06:21,029 DEBUG c.e.g.r.GeoLoc [http-nio-9001-exec-2] File line : Felip II, 323, Barcelona 08015 Barcelona 
2019-12-16 18:06:21,029 DEBUG c.e.g.u.m.XMLConsumer [http-nio-9001-exec-2] URL : https://geocoder.ls.hereapi.com/search/6.2/geocode.json?languages=es&maxresults=1&apiKey=zRKCNulsmituY-IuLoyca4d50QYtpjW4C4H5Do6d9MQ&searchtext=Felip+II%2C+323%2C+Barcelona+08015+Barcelona+
2019-12-16 18:06:21,079 DEBUG c.e.g.r.GeoLoc [http-nio-9001-exec-2] File line : calle de las doncellas, 10, Barcelona 
2019-12-16 18:06:21,079 DEBUG c.e.g.u.m.XMLConsumer [http-nio-9001-exec-2] URL : https://geocoder.ls.hereapi.com/search/6.2/geocode.json?languages=es&maxresults=1&apiKey=zRKCNulsmituY-IuLoyca4d50QYtpjW4C4H5Do6d9MQ&searchtext=calle+de+las+doncellas%2C+10%2C+Barcelona+
2019-12-16 18:06:21,130 DEBUG c.e.g.r.GeoLoc [http-nio-9001-exec-2] File line : Plaza España Gran Vía de la Corte Catalana, 423, 08015 Barcelona 
2019-12-16 18:06:21,131 DEBUG c.e.g.u.m.XMLConsumer [http-nio-9001-exec-2] URL : https://geocoder.ls.hereapi.com/search/6.2/geocode.json?languages=es&maxresults=1&apiKey=zRKCNulsmituY-IuLoyca4d50QYtpjW4C4H5Do6d9MQ&searchtext=Plaza+Espa%C3%B1a+Gran+V%C3%ADa+de+la+Corte+Catalana%2C+423%2C+08015+Barcelona+
2019-12-16 18:06:21,178 DEBUG c.e.g.r.GeoLoc [http-nio-9001-exec-2] File line : inAtlas
2019-12-16 18:06:21,178 DEBUG c.e.g.u.m.XMLConsumer [http-nio-9001-exec-2] URL : https://geocoder.ls.hereapi.com/search/6.2/geocode.json?languages=es&maxresults=1&apiKey=zRKCNulsmituY-IuLoyca4d50QYtpjW4C4H5Do6d9MQ&searchtext=inAtlas
2019-12-16 18:06:21,230 DEBUG c.e.g.r.GeoLoc [http-nio-9001-exec-2] File line : Fuente de Montjuic 
2019-12-16 18:06:21,230 DEBUG c.e.g.u.m.XMLConsumer [http-nio-9001-exec-2] URL : https://geocoder.ls.hereapi.com/search/6.2/geocode.json?languages=es&maxresults=1&apiKey=zRKCNulsmituY-IuLoyca4d50QYtpjW4C4H5Do6d9MQ&searchtext=Fuente+de+Montjuic+
2019-12-16 18:06:21,280 DEBUG c.e.g.r.GeoLoc [http-nio-9001-exec-2] File line : nowhere 
2019-12-16 18:06:21,280 DEBUG c.e.g.u.m.XMLConsumer [http-nio-9001-exec-2] URL : https://geocoder.ls.hereapi.com/search/6.2/geocode.json?languages=es&maxresults=1&apiKey=zRKCNulsmituY-IuLoyca4d50QYtpjW4C4H5Do6d9MQ&searchtext=nowhere+
2019-12-16 18:06:21,331 DEBUG c.e.g.r.GeoLoc [http-nio-9001-exec-2] File line : Melbourne 
2019-12-16 18:06:21,331 DEBUG c.e.g.u.m.XMLConsumer [http-nio-9001-exec-2] URL : https://geocoder.ls.hereapi.com/search/6.2/geocode.json?languages=es&maxresults=1&apiKey=zRKCNulsmituY-IuLoyca4d50QYtpjW4C4H5Do6d9MQ&searchtext=Melbourne+
2019-12-16 18:06:21,380 DEBUG c.e.g.r.GeoLoc [http-nio-9001-exec-2] File line : Universidade de Campinas, Brasil
2019-12-16 18:06:21,381 DEBUG c.e.g.u.m.XMLConsumer [http-nio-9001-exec-2] URL : https://geocoder.ls.hereapi.com/search/6.2/geocode.json?languages=es&maxresults=1&apiKey=zRKCNulsmituY-IuLoyca4d50QYtpjW4C4H5Do6d9MQ&searchtext=Universidade+de+Campinas%2C+Brasil
2019-12-16 19:15:41,551 INFO o.s.b.StartupInfoLogger [main] Starting GeoApplicationTests on jor-web-server with PID 17881 (started by jor in /home/jor/Documents/projects/geo)
2019-12-16 19:15:41,553 DEBUG o.s.b.StartupInfoLogger [main] Running with Spring Boot v2.2.2.RELEASE, Spring v5.2.2.RELEASE
2019-12-16 19:15:41,554 INFO o.s.b.SpringApplication [main] No active profile set, falling back to default profiles: default
2019-12-16 19:17:09,196 INFO o.s.b.StartupInfoLogger [main] Starting GeoApplicationTests on jor-web-server with PID 18055 (started by jor in /home/jor/Documents/projects/geo)
2019-12-16 19:17:09,199 DEBUG o.s.b.StartupInfoLogger [main] Running with Spring Boot v2.2.2.RELEASE, Spring v5.2.2.RELEASE
2019-12-16 19:17:09,200 INFO o.s.b.SpringApplication [main] No active profile set, falling back to default profiles: default
2019-12-16 19:20:23,084 INFO o.s.b.StartupInfoLogger [main] Starting GeoApplicationTests on jor-web-server with PID 18288 (started by jor in /home/jor/Documents/projects/geo)
2019-12-16 19:20:23,089 DEBUG o.s.b.StartupInfoLogger [main] Running with Spring Boot v2.2.2.RELEASE, Spring v5.2.2.RELEASE
2019-12-16 19:20:23,090 INFO o.s.b.SpringApplication [main] No active profile set, falling back to default profiles: default
2019-12-16 19:22:04,590 INFO o.s.b.StartupInfoLogger [main] Starting GeoApplicationTests on jor-web-server with PID 18439 (started by jor in /home/jor/Documents/projects/geo)
2019-12-16 19:22:04,593 DEBUG o.s.b.StartupInfoLogger [main] Running with Spring Boot v2.2.2.RELEASE, Spring v5.2.2.RELEASE
2019-12-16 19:22:04,595 INFO o.s.b.SpringApplication [main] No active profile set, falling back to default profiles: default
2019-12-16 19:22:54,298 INFO o.s.b.StartupInfoLogger [main] Starting GeoApplicationTests on jor-web-server with PID 18556 (started by jor in /home/jor/Documents/projects/geo)
2019-12-16 19:22:54,301 DEBUG o.s.b.StartupInfoLogger [main] Running with Spring Boot v2.2.2.RELEASE, Spring v5.2.2.RELEASE
2019-12-16 19:22:54,302 INFO o.s.b.SpringApplication [main] No active profile set, falling back to default profiles: default
2019-12-16 19:23:32,060 INFO o.s.b.StartupInfoLogger [main] Starting GeoApplicationTests on jor-web-server with PID 18660 (started by jor in /home/jor/Documents/projects/geo)
2019-12-16 19:23:32,063 DEBUG o.s.b.StartupInfoLogger [main] Running with Spring Boot v2.2.2.RELEASE, Spring v5.2.2.RELEASE
2019-12-16 19:23:32,064 INFO o.s.b.SpringApplication [main] No active profile set, falling back to default profiles: default
2019-12-16 19:24:20,732 INFO o.s.b.StartupInfoLogger [main] Starting GeoApplicationTests on jor-web-server with PID 18760 (started by jor in /home/jor/Documents/projects/geo)
2019-12-16 19:24:20,735 DEBUG o.s.b.StartupInfoLogger [main] Running with Spring Boot v2.2.2.RELEASE, Spring v5.2.2.RELEASE
2019-12-16 19:24:20,736 INFO o.s.b.SpringApplication [main] No active profile set, falling back to default profiles: default
2019-12-16 19:25:32,992 INFO o.s.b.StartupInfoLogger [main] Starting GeoApplicationTests on jor-web-server with PID 18911 (started by jor in /home/jor/Documents/projects/geo)
2019-12-16 19:25:32,994 DEBUG o.s.b.StartupInfoLogger [main] Running with Spring Boot v2.2.2.RELEASE, Spring v5.2.2.RELEASE
2019-12-16 19:25:32,995 INFO o.s.b.SpringApplication [main] No active profile set, falling back to default profiles: default
2019-12-16 19:27:20,234 INFO o.s.b.StartupInfoLogger [main] Starting GeoApplicationTests on jor-web-server with PID 19051 (started by jor in /home/jor/Documents/projects/geo)
2019-12-16 19:27:20,237 DEBUG o.s.b.StartupInfoLogger [main] Running with Spring Boot v2.2.2.RELEASE, Spring v5.2.2.RELEASE
2019-12-16 19:27:20,239 INFO o.s.b.SpringApplication [main] No active profile set, falling back to default profiles: default
2019-12-16 19:30:53,731 INFO o.s.b.StartupInfoLogger [main] Starting GeoApplicationTests on jor-web-server with PID 19304 (started by jor in /home/jor/Documents/projects/geo)
2019-12-16 19:30:53,734 DEBUG o.s.b.StartupInfoLogger [main] Running with Spring Boot v2.2.2.RELEASE, Spring v5.2.2.RELEASE
2019-12-16 19:30:53,736 INFO o.s.b.SpringApplication [main] No active profile set, falling back to default profiles: default
2019-12-16 19:31:48,915 INFO o.s.b.StartupInfoLogger [main] Starting GeoApplicationTests on jor-web-server with PID 19409 (started by jor in /home/jor/Documents/projects/geo)
2019-12-16 19:31:48,918 DEBUG o.s.b.StartupInfoLogger [main] Running with Spring Boot v2.2.2.RELEASE, Spring v5.2.2.RELEASE
2019-12-16 19:31:48,919 INFO o.s.b.SpringApplication [main] No active profile set, falling back to default profiles: default
2019-12-16 19:35:22,433 INFO o.s.b.StartupInfoLogger [main] Starting GeoApplicationTests on jor-web-server with PID 19612 (started by jor in /home/jor/Documents/projects/geo)
2019-12-16 19:35:22,438 DEBUG o.s.b.StartupInfoLogger [main] Running with Spring Boot v2.2.2.RELEASE, Spring v5.2.2.RELEASE
2019-12-16 19:35:22,439 INFO o.s.b.SpringApplication [main] No active profile set, falling back to default profiles: default
2019-12-16 19:40:44,669 INFO o.s.b.StartupInfoLogger [main] Starting GeoApplicationTests on jor-web-server with PID 19940 (started by jor in /home/jor/Documents/projects/geo)
2019-12-16 19:40:44,672 DEBUG o.s.b.StartupInfoLogger [main] Running with Spring Boot v2.2.2.RELEASE, Spring v5.2.2.RELEASE
2019-12-16 19:40:44,673 INFO o.s.b.SpringApplication [main] No active profile set, falling back to default profiles: default
2019-12-16 19:44:02,990 INFO o.s.b.StartupInfoLogger [main] Starting GeoApplicationTests on jor-web-server with PID 20119 (started by jor in /home/jor/Documents/projects/geo)
2019-12-16 19:44:02,993 DEBUG o.s.b.StartupInfoLogger [main] Running with Spring Boot v2.2.2.RELEASE, Spring v5.2.2.RELEASE
2019-12-16 19:44:02,994 INFO o.s.b.SpringApplication [main] No active profile set, falling back to default profiles: default
2019-12-16 19:44:03,303 INFO o.s.b.StartupInfoLogger [main] Started GeoApplicationTests in 0.528 seconds (JVM running for 1.662)
2019-12-16 19:45:00,157 INFO o.s.b.StartupInfoLogger [main] Starting GeoApplicationTests on jor-web-server with PID 20233 (started by jor in /home/jor/Documents/projects/geo)
2019-12-16 19:45:00,160 DEBUG o.s.b.StartupInfoLogger [main] Running with Spring Boot v2.2.2.RELEASE, Spring v5.2.2.RELEASE
2019-12-16 19:45:00,161 INFO o.s.b.SpringApplication [main] No active profile set, falling back to default profiles: default
2019-12-16 19:45:00,482 INFO o.s.b.StartupInfoLogger [main] Started GeoApplicationTests in 0.565 seconds (JVM running for 1.615)
2019-12-16 19:45:24,261 INFO o.s.b.StartupInfoLogger [main] Starting GeoApplicationTests on jor-web-server with PID 20329 (started by jor in /home/jor/Documents/projects/geo)
2019-12-16 19:45:24,265 DEBUG o.s.b.StartupInfoLogger [main] Running with Spring Boot v2.2.2.RELEASE, Spring v5.2.2.RELEASE
2019-12-16 19:45:24,266 INFO o.s.b.SpringApplication [main] No active profile set, falling back to default profiles: default
2019-12-16 19:45:24,615 INFO o.s.b.StartupInfoLogger [main] Started GeoApplicationTests in 0.597 seconds (JVM running for 1.655)
2019-12-16 19:45:58,806 INFO o.s.b.StartupInfoLogger [main] Starting GeoApplication on jor-web-server with PID 20417 (/home/jor/Documents/projects/geo/target/classes started by jor in /home/jor/Documents/projects/geo)
2019-12-16 19:45:58,813 DEBUG o.s.b.StartupInfoLogger [main] Running with Spring Boot v2.2.2.RELEASE, Spring v5.2.2.RELEASE
2019-12-16 19:45:58,814 INFO o.s.b.SpringApplication [main] No active profile set, falling back to default profiles: default
2019-12-16 19:45:59,953 INFO o.s.b.StartupInfoLogger [main] Started GeoApplication in 1.41 seconds (JVM running for 2.061)
2019-12-16 19:46:10,523 DEBUG c.e.g.r.GeoLoc [http-nio-9001-exec-1] Input : Barcelona, Barcelona 
2019-12-16 19:46:10,524 DEBUG c.e.g.u.m.XMLConsumer [http-nio-9001-exec-1] URL : https://geocoder.ls.hereapi.com/search/6.2/geocode.json?languages=es&maxresults=1&apiKey=zRKCNulsmituY-IuLoyca4d50QYtpjW4C4H5Do6d9MQ&searchtextBarcelona%2C+Barcelona+
2019-12-16 19:47:41,092 INFO o.s.b.StartupInfoLogger [main] Starting GeoApplicationTests on jor-web-server with PID 20591 (started by jor in /home/jor/Documents/projects/geo)
2019-12-16 19:47:41,097 DEBUG o.s.b.StartupInfoLogger [main] Running with Spring Boot v2.2.2.RELEASE, Spring v5.2.2.RELEASE
2019-12-16 19:47:41,098 INFO o.s.b.SpringApplication [main] No active profile set, falling back to default profiles: default
2019-12-16 19:47:41,440 INFO o.s.b.StartupInfoLogger [main] Started GeoApplicationTests in 0.59 seconds (JVM running for 1.703)
2019-12-16 19:47:55,767 INFO o.s.b.StartupInfoLogger [main] Starting GeoApplication on jor-web-server with PID 20679 (/home/jor/Documents/projects/geo/target/classes started by jor in /home/jor/Documents/projects/geo)
2019-12-16 19:47:55,773 DEBUG o.s.b.StartupInfoLogger [main] Running with Spring Boot v2.2.2.RELEASE, Spring v5.2.2.RELEASE
2019-12-16 19:47:55,774 INFO o.s.b.SpringApplication [main] No active profile set, falling back to default profiles: default
2019-12-16 19:47:56,953 INFO o.s.b.StartupInfoLogger [main] Started GeoApplication in 1.418 seconds (JVM running for 1.967)
2019-12-16 19:48:14,406 DEBUG c.e.g.r.GeoLoc [http-nio-9001-exec-3] Input : Barcelona, Barcelona 
2019-12-16 19:48:14,407 DEBUG c.e.g.u.m.XMLConsumer [http-nio-9001-exec-3] URL : https://geocoder.ls.hereapi.com/search/6.2/geocode.json?languages=es&maxresults=1&apiKey=zRKCNulsmituY-IuLoyca4d50QYtpjW4C4H5Do6d9MQ&searchtext=Barcelona%2C+Barcelona+
2019-12-16 19:48:21,851 DEBUG c.e.g.r.GeoLoc [http-nio-9001-exec-2] File line : Barcelona, Barcelona 
2019-12-16 19:48:21,851 DEBUG c.e.g.u.m.XMLConsumer [http-nio-9001-exec-2] URL : https://geocoder.ls.hereapi.com/search/6.2/geocode.json?languages=es&maxresults=1&apiKey=zRKCNulsmituY-IuLoyca4d50QYtpjW4C4H5Do6d9MQ&searchtext=Barcelona%2C+Barcelona+
2019-12-16 19:48:22,023 DEBUG c.e.g.r.GeoLoc [http-nio-9001-exec-2] File line : C. Vilamari, 50, Barcelona 
2019-12-16 19:48:22,024 DEBUG c.e.g.u.m.XMLConsumer [http-nio-9001-exec-2] URL : https://geocoder.ls.hereapi.com/search/6.2/geocode.json?languages=es&maxresults=1&apiKey=zRKCNulsmituY-IuLoyca4d50QYtpjW4C4H5Do6d9MQ&searchtext=C.+Vilamari%2C+50%2C+Barcelona+
2019-12-16 19:48:22,086 DEBUG c.e.g.r.GeoLoc [http-nio-9001-exec-2] File line : Pl. Jar Jar Binks, 42, Barcelona 
2019-12-16 19:48:22,087 DEBUG c.e.g.u.m.XMLConsumer [http-nio-9001-exec-2] URL : https://geocoder.ls.hereapi.com/search/6.2/geocode.json?languages=es&maxresults=1&apiKey=zRKCNulsmituY-IuLoyca4d50QYtpjW4C4H5Do6d9MQ&searchtext=Pl.+Jar+Jar+Binks%2C+42%2C+Barcelona+
2019-12-16 19:48:22,153 DEBUG c.e.g.r.GeoLoc [http-nio-9001-exec-2] File line : Felip II, 323, Barcelona 08015 Barcelona 
2019-12-16 19:48:22,154 DEBUG c.e.g.u.m.XMLConsumer [http-nio-9001-exec-2] URL : https://geocoder.ls.hereapi.com/search/6.2/geocode.json?languages=es&maxresults=1&apiKey=zRKCNulsmituY-IuLoyca4d50QYtpjW4C4H5Do6d9MQ&searchtext=Felip+II%2C+323%2C+Barcelona+08015+Barcelona+
2019-12-16 19:48:22,215 DEBUG c.e.g.r.GeoLoc [http-nio-9001-exec-2] File line : calle de las doncellas, 10, Barcelona 
2019-12-16 19:48:22,216 DEBUG c.e.g.u.m.XMLConsumer [http-nio-9001-exec-2] URL : https://geocoder.ls.hereapi.com/search/6.2/geocode.json?languages=es&maxresults=1&apiKey=zRKCNulsmituY-IuLoyca4d50QYtpjW4C4H5Do6d9MQ&searchtext=calle+de+las+doncellas%2C+10%2C+Barcelona+
2019-12-16 19:48:22,280 DEBUG c.e.g.r.GeoLoc [http-nio-9001-exec-2] File line : Plaza España Gran Vía de la Corte Catalana, 423, 08015 Barcelona 
2019-12-16 19:48:22,280 DEBUG c.e.g.u.m.XMLConsumer [http-nio-9001-exec-2] URL : https://geocoder.ls.hereapi.com/search/6.2/geocode.json?languages=es&maxresults=1&apiKey=zRKCNulsmituY-IuLoyca4d50QYtpjW4C4H5Do6d9MQ&searchtext=Plaza+Espa%C3%B1a+Gran+V%C3%ADa+de+la+Corte+Catalana%2C+423%2C+08015+Barcelona+
2019-12-16 19:48:22,343 DEBUG c.e.g.r.GeoLoc [http-nio-9001-exec-2] File line : inAtlas
2019-12-16 19:48:22,343 DEBUG c.e.g.u.m.XMLConsumer [http-nio-9001-exec-2] URL : https://geocoder.ls.hereapi.com/search/6.2/geocode.json?languages=es&maxresults=1&apiKey=zRKCNulsmituY-IuLoyca4d50QYtpjW4C4H5Do6d9MQ&searchtext=inAtlas
2019-12-16 19:48:22,404 DEBUG c.e.g.r.GeoLoc [http-nio-9001-exec-2] File line : Fuente de Montjuic 
2019-12-16 19:48:22,405 DEBUG c.e.g.u.m.XMLConsumer [http-nio-9001-exec-2] URL : https://geocoder.ls.hereapi.com/search/6.2/geocode.json?languages=es&maxresults=1&apiKey=zRKCNulsmituY-IuLoyca4d50QYtpjW4C4H5Do6d9MQ&searchtext=Fuente+de+Montjuic+
2019-12-16 19:48:22,466 DEBUG c.e.g.r.GeoLoc [http-nio-9001-exec-2] File line : nowhere 
2019-12-16 19:48:22,467 DEBUG c.e.g.u.m.XMLConsumer [http-nio-9001-exec-2] URL : https://geocoder.ls.hereapi.com/search/6.2/geocode.json?languages=es&maxresults=1&apiKey=zRKCNulsmituY-IuLoyca4d50QYtpjW4C4H5Do6d9MQ&searchtext=nowhere+
2019-12-16 19:48:22,529 DEBUG c.e.g.r.GeoLoc [http-nio-9001-exec-2] File line : Melbourne 
2019-12-16 19:48:22,530 DEBUG c.e.g.u.m.XMLConsumer [http-nio-9001-exec-2] URL : https://geocoder.ls.hereapi.com/search/6.2/geocode.json?languages=es&maxresults=1&apiKey=zRKCNulsmituY-IuLoyca4d50QYtpjW4C4H5Do6d9MQ&searchtext=Melbourne+
2019-12-16 19:48:22,592 DEBUG c.e.g.r.GeoLoc [http-nio-9001-exec-2] File line : Universidade de Campinas, Brasil
2019-12-16 19:48:22,592 DEBUG c.e.g.u.m.XMLConsumer [http-nio-9001-exec-2] URL : https://geocoder.ls.hereapi.com/search/6.2/geocode.json?languages=es&maxresults=1&apiKey=zRKCNulsmituY-IuLoyca4d50QYtpjW4C4H5Do6d9MQ&searchtext=Universidade+de+Campinas%2C+Brasil
2019-12-16 19:53:08,966 INFO o.s.b.StartupInfoLogger [main] Starting GeoApplicationTests on jor-web-server with PID 20954 (started by jor in /home/jor/Documents/projects/geo)
2019-12-16 19:53:08,970 DEBUG o.s.b.StartupInfoLogger [main] Running with Spring Boot v2.2.2.RELEASE, Spring v5.2.2.RELEASE
2019-12-16 19:53:08,971 INFO o.s.b.SpringApplication [main] No active profile set, falling back to default profiles: default
2019-12-16 19:53:09,301 INFO o.s.b.StartupInfoLogger [main] Started GeoApplicationTests in 0.599 seconds (JVM running for 1.658)
2019-12-16 19:55:41,880 INFO o.s.b.StartupInfoLogger [main] Starting GeoApplication on jor-web-server with PID 21114 (/home/jor/Documents/projects/geo/target/classes started by jor in /home/jor/Documents/projects/geo)
2019-12-16 19:55:41,886 DEBUG o.s.b.StartupInfoLogger [main] Running with Spring Boot v2.2.2.RELEASE, Spring v5.2.2.RELEASE
2019-12-16 19:55:41,887 INFO o.s.b.SpringApplication [main] No active profile set, falling back to default profiles: default
2019-12-16 19:55:42,993 INFO o.s.b.StartupInfoLogger [main] Started GeoApplication in 1.348 seconds (JVM running for 1.997)
2019-12-16 19:55:53,423 DEBUG c.e.g.r.GeoLoc [http-nio-9001-exec-2] File line : Barcelona, Barcelona 
2019-12-16 19:55:53,425 DEBUG c.e.g.u.m.XMLConsumer [http-nio-9001-exec-2] URL : https://geocoder.ls.hereapi.com/search/6.2/geocode.json?languages=es&maxresults=1&apiKey=zRKCNulsmituY-IuLoyca4d50QYtpjW4C4H5Do6d9MQ&searchtext=Barcelona%2C+Barcelona+
2019-12-16 19:55:54,127 DEBUG c.e.g.r.GeoLoc [http-nio-9001-exec-2] File line : C. Vilamari, 50, Barcelona 
2019-12-16 19:55:54,128 DEBUG c.e.g.u.m.XMLConsumer [http-nio-9001-exec-2] URL : https://geocoder.ls.hereapi.com/search/6.2/geocode.json?languages=es&maxresults=1&apiKey=zRKCNulsmituY-IuLoyca4d50QYtpjW4C4H5Do6d9MQ&searchtext=C.+Vilamari%2C+50%2C+Barcelona+
2019-12-16 19:55:54,187 DEBUG c.e.g.r.GeoLoc [http-nio-9001-exec-2] File line : Pl. Jar Jar Binks, 42, Barcelona 
2019-12-16 19:55:54,187 DEBUG c.e.g.u.m.XMLConsumer [http-nio-9001-exec-2] URL : https://geocoder.ls.hereapi.com/search/6.2/geocode.json?languages=es&maxresults=1&apiKey=zRKCNulsmituY-IuLoyca4d50QYtpjW4C4H5Do6d9MQ&searchtext=Pl.+Jar+Jar+Binks%2C+42%2C+Barcelona+
2019-12-16 19:55:54,338 DEBUG c.e.g.r.GeoLoc [http-nio-9001-exec-2] File line : Felip II, 323, Barcelona 08015 Barcelona 
2019-12-16 19:55:54,339 DEBUG c.e.g.u.m.XMLConsumer [http-nio-9001-exec-2] URL : https://geocoder.ls.hereapi.com/search/6.2/geocode.json?languages=es&maxresults=1&apiKey=zRKCNulsmituY-IuLoyca4d50QYtpjW4C4H5Do6d9MQ&searchtext=Felip+II%2C+323%2C+Barcelona+08015+Barcelona+
2019-12-16 19:55:54,398 DEBUG c.e.g.r.GeoLoc [http-nio-9001-exec-2] File line : calle de las doncellas, 10, Barcelona 
2019-12-16 19:55:54,399 DEBUG c.e.g.u.m.XMLConsumer [http-nio-9001-exec-2] URL : https://geocoder.ls.hereapi.com/search/6.2/geocode.json?languages=es&maxresults=1&apiKey=zRKCNulsmituY-IuLoyca4d50QYtpjW4C4H5Do6d9MQ&searchtext=calle+de+las+doncellas%2C+10%2C+Barcelona+
2019-12-16 19:55:54,459 DEBUG c.e.g.r.GeoLoc [http-nio-9001-exec-2] File line : Plaza España Gran Vía de la Corte Catalana, 423, 08015 Barcelona 
2019-12-16 19:55:54,459 DEBUG c.e.g.u.m.XMLConsumer [http-nio-9001-exec-2] URL : https://geocoder.ls.hereapi.com/search/6.2/geocode.json?languages=es&maxresults=1&apiKey=zRKCNulsmituY-IuLoyca4d50QYtpjW4C4H5Do6d9MQ&searchtext=Plaza+Espa%C3%B1a+Gran+V%C3%ADa+de+la+Corte+Catalana%2C+423%2C+08015+Barcelona+
2019-12-16 19:55:54,518 DEBUG c.e.g.r.GeoLoc [http-nio-9001-exec-2] File line : inAtlas
2019-12-16 19:55:54,519 DEBUG c.e.g.u.m.XMLConsumer [http-nio-9001-exec-2] URL : https://geocoder.ls.hereapi.com/search/6.2/geocode.json?languages=es&maxresults=1&apiKey=zRKCNulsmituY-IuLoyca4d50QYtpjW4C4H5Do6d9MQ&searchtext=inAtlas
2019-12-16 19:55:54,578 DEBUG c.e.g.r.GeoLoc [http-nio-9001-exec-2] File line : Fuente de Montjuic 
2019-12-16 19:55:54,578 DEBUG c.e.g.u.m.XMLConsumer [http-nio-9001-exec-2] URL : https://geocoder.ls.hereapi.com/search/6.2/geocode.json?languages=es&maxresults=1&apiKey=zRKCNulsmituY-IuLoyca4d50QYtpjW4C4H5Do6d9MQ&searchtext=Fuente+de+Montjuic+
2019-12-16 19:55:54,637 DEBUG c.e.g.r.GeoLoc [http-nio-9001-exec-2] File line : nowhere 
2019-12-16 19:55:54,637 DEBUG c.e.g.u.m.XMLConsumer [http-nio-9001-exec-2] URL : https://geocoder.ls.hereapi.com/search/6.2/geocode.json?languages=es&maxresults=1&apiKey=zRKCNulsmituY-IuLoyca4d50QYtpjW4C4H5Do6d9MQ&searchtext=nowhere+
2019-12-16 19:55:54,696 DEBUG c.e.g.r.GeoLoc [http-nio-9001-exec-2] File line : Melbourne 
2019-12-16 19:55:54,697 DEBUG c.e.g.u.m.XMLConsumer [http-nio-9001-exec-2] URL : https://geocoder.ls.hereapi.com/search/6.2/geocode.json?languages=es&maxresults=1&apiKey=zRKCNulsmituY-IuLoyca4d50QYtpjW4C4H5Do6d9MQ&searchtext=Melbourne+
2019-12-16 19:55:54,755 DEBUG c.e.g.r.GeoLoc [http-nio-9001-exec-2] File line : Universidade de Campinas, Brasil
2019-12-16 19:55:54,755 DEBUG c.e.g.u.m.XMLConsumer [http-nio-9001-exec-2] URL : https://geocoder.ls.hereapi.com/search/6.2/geocode.json?languages=es&maxresults=1&apiKey=zRKCNulsmituY-IuLoyca4d50QYtpjW4C4H5Do6d9MQ&searchtext=Universidade+de+Campinas%2C+Brasil
2019-12-16 19:56:07,249 DEBUG c.e.g.r.GeoLoc [http-nio-9001-exec-3] Input : Barcelona, Barcelona 
2019-12-16 19:56:07,249 DEBUG c.e.g.u.m.XMLConsumer [http-nio-9001-exec-3] URL : https://geocoder.ls.hereapi.com/search/6.2/geocode.json?languages=es&maxresults=1&apiKey=zRKCNulsmituY-IuLoyca4d50QYtpjW4C4H5Do6d9MQ&searchtext=Barcelona%2C+Barcelona+
